<?xml version="1.0" encoding="UTF-8"?>
<!-- Generated by org.testng.reporters.JUnitReportReporter -->
<testsuite hostname="Tejasris-MBP" failures="0" tests="1" name="com.testscenarios.AT_LOP" time="59.871" errors="0" timestamp="2024-09-25T20:29:45 EDT" skipped="0">
  <testcase classname="com.testscenarios.AT_LOP" name="f" time="59.871"/>
</testsuite> <!-- com.testscenarios.AT_LOP -->
