<?xml version="1.0" encoding="UTF-8"?>
<!-- Generated by org.testng.reporters.JUnitReportReporter -->
<testsuite hostname="Tejasris-MBP" failures="0" tests="1" name="com.testscenarios.AT_LOP" time="53.467" errors="0" timestamp="2024-09-27T21:59:51 EDT" skipped="0">
  <testcase classname="com.testscenarios.AT_LOP" name="f" time="53.467"/>
</testsuite> <!-- com.testscenarios.AT_LOP -->
