<?xml version="1.0" encoding="UTF-8"?>
<!-- Generated by org.testng.reporters.JUnitReportReporter -->
<testsuite hostname="Tejasris-MBP" failures="0" tests="1" name="com.testscenarios.AT_Register" time="54.009" errors="0" timestamp="2024-09-25T20:29:45 EDT" skipped="0">
  <testcase classname="com.testscenarios.AT_Register" name="f" time="54.009"/>
</testsuite> <!-- com.testscenarios.AT_Register -->
