<?xml version="1.0" encoding="UTF-8"?>
<!-- Generated by org.testng.reporters.JUnitReportReporter -->
<testsuite hostname="Tejasris-MBP" failures="0" tests="1" name="com.testscenarios.AT_Login" time="48.613" errors="0" timestamp="2024-09-24T20:37:53 EDT" skipped="0">
  <testcase classname="com.testscenarios.AT_Login" name="f" time="48.613"/>
</testsuite> <!-- com.testscenarios.AT_Login -->
